Using pre-set license
Built from '2020.2/release' branch; Version is '2020.2.0f1 (3721df5a8b28) revision 3613151'; Using compiler version '192528614'; Build Type 'Release'
OS: 'Windows 10  (10.0.0) 64bit' Language: 'es' Physical Memory: 24459 MB
BatchMode: 1, IsHumanControllingUs: 0, StartBugReporterOnCrash: 0, Is64bit: 1, IsPro: 0

 COMMAND LINE ARGUMENTS:
C:\Program Files\Unity\Hub\Editor\2020.2.0f1\Editor\Unity.exe
-adb2
-batchMode
-noUpm
-name
AssetImportWorker0
-projectPath
D:/Documentos/GitHub/HistoricalGameJam.git/ColdWar
-logFile
Logs/AssetImportWorker0.log
-srvPort
49624
Successfully changed project path to: D:/Documentos/GitHub/HistoricalGameJam.git/ColdWar
D:/Documentos/GitHub/HistoricalGameJam.git/ColdWar
Using Asset Import Pipeline V2.
Refreshing native plugins compatible for Editor in 26.67 ms, found 0 plugins.
Preloading 0 native plugins for Editor in 0.00 ms.
Initialize engine version: 2020.2.0f1 (3721df5a8b28)
[Subsystems] Discovering subsystems at path C:/Program Files/Unity/Hub/Editor/2020.2.0f1/Editor/Data/Resources/UnitySubsystems
[Subsystems] Discovering subsystems at path D:/Documentos/GitHub/HistoricalGameJam.git/ColdWar/Assets
GfxDevice: creating device client; threaded=0
Direct3D:
    Version:  Direct3D 11.0 [level 11.1]
    Renderer: NVIDIA GeForce GTX 1070 (ID=0x1ba1)
    Vendor:   
    VRAM:     8081 MB
    Driver:   27.21.14.6089
Initialize mono
Mono path[0] = 'C:/Program Files/Unity/Hub/Editor/2020.2.0f1/Editor/Data/Managed'
Mono path[1] = 'C:/Program Files/Unity/Hub/Editor/2020.2.0f1/Editor/Data/MonoBleedingEdge/lib/mono/unityjit'
Mono config path = 'C:/Program Files/Unity/Hub/Editor/2020.2.0f1/Editor/Data/MonoBleedingEdge/etc'
Using monoOptions --debugger-agent=transport=dt_socket,embedding=1,server=y,suspend=n,address=127.0.0.1:56680
Begin MonoManager ReloadAssembly
Registering precompiled unity dll's ...
Register platform support module: C:/Program Files/Unity/Hub/Editor/2020.2.0f1/Editor/Data/PlaybackEngines/WindowsStandaloneSupport/UnityEditor.WindowsStandalone.Extensions.dll
Registered in 0.002292 seconds.
Native extension for WindowsStandalone target not found
Refreshing native plugins compatible for Editor in 25.73 ms, found 0 plugins.
Preloading 0 native plugins for Editor in 0.00 ms.
Invoked RoslynAnalysisRunner static constructor.
RoslynAnalysisRunner will not be running.
RoslynAnalysisRunner has terminated.
Mono: successfully reloaded assembly
- Completed reload, in  1.331 seconds
Platform modules already initialized, skipping
Registering precompiled user dll's ...
Registered in 0.000714 seconds.
Begin MonoManager ReloadAssembly
Native extension for WindowsStandalone target not found
Refreshing native plugins compatible for Editor in 0.21 ms, found 0 plugins.
Preloading 0 native plugins for Editor in 0.00 ms.
Invoked RoslynAnalysisRunner static constructor.
RoslynAnalysisRunner will not be running.
RoslynAnalysisRunner has terminated.
Mono: successfully reloaded assembly
- Completed reload, in  0.924 seconds
Platform modules already initialized, skipping
========================================================================
Worker process is ready to serve import requests
Launched and connected shader compiler UnityShaderCompiler.exe after 0.05 seconds
Refreshing native plugins compatible for Editor in 0.20 ms, found 0 plugins.
Preloading 0 native plugins for Editor in 0.00 ms.
Unloading 1094 Unused Serialized files (Serialized files now loaded: 0)
System memory in use before: 55.9 MB.
System memory in use after: 55.9 MB.

Unloading 10 unused Assets to reduce memory usage. Loaded Objects now: 1533.
Total: 2.997100 ms (FindLiveObjects: 0.333800 ms CreateObjectMapping: 0.114000 ms MarkObjects: 2.422500 ms  DeleteObjects: 0.125100 ms)

========================================================================
Received Import Request.
  path: Assets/Scenes
  artifactKey: Guid(5bb4ef5096179944ba5dc4eb6421a117) Importer(815301076,1909f56bfc062723c751e8b465ee728b)
Start importing Assets/Scenes using Guid(5bb4ef5096179944ba5dc4eb6421a117) Importer(815301076,1909f56bfc062723c751e8b465ee728b)  -> (artifact id: '6eec3693e93c25ed372ee3e97755417b') in 0.004663 seconds
  Import took 0.006733 seconds .

========================================================================
Received Import Request.
  Time since last request: 0.000386 seconds.
  path: Assets/Scenes/SampleScene.unity
  artifactKey: Guid(9fc0d4010bbf28b4594072e72b8655ab) Importer(815301076,1909f56bfc062723c751e8b465ee728b)
Start importing Assets/Scenes/SampleScene.unity using Guid(9fc0d4010bbf28b4594072e72b8655ab) Importer(815301076,1909f56bfc062723c751e8b465ee728b)  -> (artifact id: 'fd0de368a36be2462c316be83692fe5a') in 0.011415 seconds
  Import took 0.013652 seconds .

========================================================================
Received Import Request.
  Time since last request: 4.033145 seconds.
  path: Assets/Scenes/MainMenu.unity
  artifactKey: Guid(9fc0d4010bbf28b4594072e72b8655ab) Importer(815301076,1909f56bfc062723c751e8b465ee728b)
Start importing Assets/Scenes/MainMenu.unity using Guid(9fc0d4010bbf28b4594072e72b8655ab) Importer(815301076,1909f56bfc062723c751e8b465ee728b)  -> (artifact id: '87755dbd3dca10bb746804da1b51d140') in 0.004132 seconds
  Import took 0.007763 seconds .

========================================================================
Received Import Request.
  Time since last request: 0.008480 seconds.
  path: Assets/Scenes/MainMenu.unity
  artifactKey: Guid(9fc0d4010bbf28b4594072e72b8655ab) Importer(815301076,1909f56bfc062723c751e8b465ee728b)
Start importing Assets/Scenes/MainMenu.unity using Guid(9fc0d4010bbf28b4594072e72b8655ab) Importer(815301076,1909f56bfc062723c751e8b465ee728b)  -> (artifact id: '87755dbd3dca10bb746804da1b51d140') in 0.004030 seconds
  Import took 0.008823 seconds .

========================================================================
Received Import Request.
  Time since last request: 1326.817562 seconds.
  path: Assets/Fonts/Montserrat-Bold.ttf
  artifactKey: Guid(ca1d66d93e06bf1489b184a4511074bb) Importer(815301076,1909f56bfc062723c751e8b465ee728b)
Start importing Assets/Fonts/Montserrat-Bold.ttf using Guid(ca1d66d93e06bf1489b184a4511074bb) Importer(815301076,1909f56bfc062723c751e8b465ee728b)  -> (artifact id: '732a00a387b253f7c5c6f04fc06f84db') in 0.170047 seconds
  Import took 0.172751 seconds .

========================================================================
Received Import Request.
  Time since last request: 0.000385 seconds.
  path: Assets/Fonts/Montserrat-Regular.ttf
  artifactKey: Guid(d27a0615bd738b44386ced7ccd8ee40b) Importer(815301076,1909f56bfc062723c751e8b465ee728b)
Start importing Assets/Fonts/Montserrat-Regular.ttf using Guid(d27a0615bd738b44386ced7ccd8ee40b) Importer(815301076,1909f56bfc062723c751e8b465ee728b)  -> (artifact id: '796394ff795f3be9940df0ca7958c8bd') in 0.010602 seconds
  Import took 0.013749 seconds .

========================================================================
Received Import Request.
  Time since last request: 0.000449 seconds.
  path: Assets/Fonts/Montserrat-Bold.ttf
  artifactKey: Guid(ca1d66d93e06bf1489b184a4511074bb) Importer(815301076,1909f56bfc062723c751e8b465ee728b)
Start importing Assets/Fonts/Montserrat-Bold.ttf using Guid(ca1d66d93e06bf1489b184a4511074bb) Importer(815301076,1909f56bfc062723c751e8b465ee728b)  -> (artifact id: '732a00a387b253f7c5c6f04fc06f84db') in 0.010315 seconds
  Import took 0.013086 seconds .

========================================================================
Received Import Request.
  Time since last request: 0.003688 seconds.
  path: Assets/Fonts/Montserrat-Regular.ttf
  artifactKey: Guid(d27a0615bd738b44386ced7ccd8ee40b) Importer(815301076,1909f56bfc062723c751e8b465ee728b)
Start importing Assets/Fonts/Montserrat-Regular.ttf using Guid(d27a0615bd738b44386ced7ccd8ee40b) Importer(815301076,1909f56bfc062723c751e8b465ee728b)  -> (artifact id: '796394ff795f3be9940df0ca7958c8bd') in 0.009904 seconds
  Import took 0.013213 seconds .

========================================================================
Received Import Request.
  Time since last request: 488.974840 seconds.
  path: Assets
  artifactKey: Guid(00000000000000001000000000000000) Importer(815301076,1909f56bfc062723c751e8b465ee728b)
Start importing Assets using Guid(00000000000000001000000000000000) Importer(815301076,1909f56bfc062723c751e8b465ee728b)  -> (artifact id: 'b41cfa13f056e58f64cf5f3363de7353') in 0.002510 seconds
  Import took 0.005610 seconds .

========================================================================
Received Import Request.
  Time since last request: 5.787319 seconds.
  path: Assets/Textures
  artifactKey: Guid(7b76c83c158469e4cbcbaa41de891769) Importer(815301076,1909f56bfc062723c751e8b465ee728b)
Start importing Assets/Textures using Guid(7b76c83c158469e4cbcbaa41de891769) Importer(815301076,1909f56bfc062723c751e8b465ee728b)  -> (artifact id: '5fa950daa2294021cc4d40069cfba445') in 0.002515 seconds
  Import took 0.005230 seconds .

========================================================================
Received Import Request.
  Time since last request: 14.564580 seconds.
  path: Assets/Textures/pexels-pixabay-41949.jpg
  artifactKey: Guid(68cebb7337da9bb48b8b5cca7bec930c) Importer(815301076,1909f56bfc062723c751e8b465ee728b)
Start importing Assets/Textures/pexels-pixabay-41949.jpg using Guid(68cebb7337da9bb48b8b5cca7bec930c) Importer(815301076,1909f56bfc062723c751e8b465ee728b)  -> (artifact id: '151db8366deee7785b0c1e2f2c46dc59') in 0.084158 seconds
  Import took 0.088181 seconds .

========================================================================
Received Import Request.
  Time since last request: 397.784177 seconds.
  path: Assets/Scripts
  artifactKey: Guid(a9c174c05f9de714f8aff31b20bd9534) Importer(815301076,1909f56bfc062723c751e8b465ee728b)
Start importing Assets/Scripts using Guid(a9c174c05f9de714f8aff31b20bd9534) Importer(815301076,1909f56bfc062723c751e8b465ee728b)  -> (artifact id: '4a42d7ff23967931100c9e55cb9069c4') in 0.002214 seconds
  Import took 0.005196 seconds .

========================================================================
Received Import Request.
  Time since last request: 29.422116 seconds.
  path: Assets/Scripts/MainMenuController.cs
  artifactKey: Guid(9b13b9c61138b2648913aebbd332285e) Importer(815301076,1909f56bfc062723c751e8b465ee728b)
Start importing Assets/Scripts/MainMenuController.cs using Guid(9b13b9c61138b2648913aebbd332285e) Importer(815301076,1909f56bfc062723c751e8b465ee728b)  -> (artifact id: '27654d48e552539a793b4d8cd0ec79de') in 0.009947 seconds
  Import took 0.012469 seconds .

========================================================================
Received Prepare
Registering precompiled user dll's ...
Registered in 0.000635 seconds.
Begin MonoManager ReloadAssembly
Native extension for WindowsStandalone target not found
Refreshing native plugins compatible for Editor in 0.46 ms, found 0 plugins.
Preloading 0 native plugins for Editor in 0.00 ms.
Invoked RoslynAnalysisRunner static constructor.
RoslynAnalysisRunner will not be running.
RoslynAnalysisRunner has terminated.
Mono: successfully reloaded assembly
- Completed reload, in  0.991 seconds
Platform modules already initialized, skipping
Refreshing native plugins compatible for Editor in 0.19 ms, found 0 plugins.
Preloading 0 native plugins for Editor in 0.00 ms.
Unloading 1090 Unused Serialized files (Serialized files now loaded: 0)
System memory in use before: 59.4 MB.
System memory in use after: 59.5 MB.

Unloading 5 unused Assets to reduce memory usage. Loaded Objects now: 1582.
Total: 1.763700 ms (FindLiveObjects: 0.141200 ms CreateObjectMapping: 0.040300 ms MarkObjects: 1.538100 ms  DeleteObjects: 0.042900 ms)

